a:\localprograms\heavywater_fresh_set\gui_heavywater\vc_form_application\x64\release\d2ome_setup_giu.pch
a:\localprograms\heavywater_fresh_set\gui_heavywater\vc_form_application\x64\release\vc140.pdb
a:\localprograms\heavywater_fresh_set\gui_heavywater\vc_form_application\x64\release\assemblyinfo.obj
a:\localprograms\heavywater_fresh_set\gui_heavywater\vc_form_application\x64\release\form2.obj
a:\localprograms\heavywater_fresh_set\gui_heavywater\vc_form_application\x64\release\stdafx.obj
a:\localprograms\heavywater_fresh_set\gui_heavywater\vc_form_application\x64\release\vc_form_application.obj
a:\localprograms\heavywater_fresh_set\gui_heavywater\vc_form_application\x64\release\.netframework,version=v4.5.2.assemblyattributes.obj
a:\localprograms\heavywater_fresh_set\gui_heavywater\vc_form_application\x64\release\.netframework,version=v4.5.2.assemblyattributes.asm
a:\localprograms\heavywater_fresh_set\gui_heavywater\vc_form_application\x64\release\vc_form_application.form1.resources
a:\localprograms\heavywater_fresh_set\gui_heavywater\vc_form_application\x64\release\vc_form_application.form2.resources
a:\localprograms\heavywater_fresh_set\gui_heavywater\vc_form_application\x64\release\vc_form_application.vcxproj.generateresource.cache
a:\localprograms\heavywater_fresh_set\gui_heavywater\vc_form_application\x64\release\vc_form_application.vcxprojresolveassemblyreference.cache
a:\current\fresh_set_codes\d2ome_setup_giu.pdb
a:\current\fresh_set_codes\d2ome_setup_giu.exe
a:\localprograms\heavywater_fresh_set\gui_heavywater\vc_form_application\x64\release\vc_form_.ac869d33.tlog\cl.command.1.tlog
a:\localprograms\heavywater_fresh_set\gui_heavywater\vc_form_application\x64\release\vc_form_.ac869d33.tlog\cl.read.1.tlog
a:\localprograms\heavywater_fresh_set\gui_heavywater\vc_form_application\x64\release\vc_form_.ac869d33.tlog\cl.write.1.tlog
a:\localprograms\heavywater_fresh_set\gui_heavywater\vc_form_application\x64\release\vc_form_.ac869d33.tlog\link.command.1.tlog
a:\localprograms\heavywater_fresh_set\gui_heavywater\vc_form_application\x64\release\vc_form_.ac869d33.tlog\link.read.1.tlog
a:\localprograms\heavywater_fresh_set\gui_heavywater\vc_form_application\x64\release\vc_form_.ac869d33.tlog\link.write.1.tlog
a:\localprograms\heavywater_fresh_set\gui_heavywater\vc_form_application\x64\release\vc_form_.ac869d33.tlog\metagen.read.1.tlog
a:\localprograms\heavywater_fresh_set\gui_heavywater\vc_form_application\x64\release\vc_form_.ac869d33.tlog\metagen.write.1.tlog
a:\localprograms\heavywater_fresh_set\gui_heavywater\vc_form_application\x64\release\vc_form_.ac869d33.tlog\vc_form_application.write.1u.tlog
a:\localprograms\heavywater_fresh_set\gui_heavywater\vc_form_application\x64\release\vc_form_.ac869d33.tlog\tzres.dll.bi
