f:\workplace\d2ome_v2\gui_heavywater_09_21_2021\vc_form_application\x64\release\d2ome_setup_gui.pch
f:\workplace\d2ome_v2\gui_heavywater_09_21_2021\vc_form_application\x64\release\vc143.pdb
f:\workplace\d2ome_v2\gui_heavywater_09_21_2021\vc_form_application\x64\release\assemblyinfo.obj
f:\workplace\d2ome_v2\gui_heavywater_09_21_2021\vc_form_application\x64\release\form2.obj
f:\workplace\d2ome_v2\gui_heavywater_09_21_2021\vc_form_application\x64\release\stdafx.obj
f:\workplace\d2ome_v2\gui_heavywater_09_21_2021\vc_form_application\x64\release\vc_form_application.obj
f:\workplace\d2ome_v2\gui_heavywater_09_21_2021\vc_form_application\x64\release\.netframework,version=v4.7.2.assemblyattributes.obj
e:\heavywater\neomed\test_transition\current_d2ome\v2.exe
e:\heavywater\neomed\test_transition\current_d2ome\v2.pdb
e:\heavywater\neomed\test_transition\current_d2ome\v2.exe.config
e:\heavywater\neomed\test_transition\current_d2ome\d2ome_setup_gui.exe
e:\heavywater\neomed\test_transition\current_d2ome\d2ome_setup_gui.pdb
f:\workplace\d2ome_v2\gui_heavywater_09_21_2021\vc_form_application\x64\release\vc_form_.ac869d33.tlog\metagen.write.1.tlog
f:\workplace\d2ome_v2\gui_heavywater_09_21_2021\vc_form_application\x64\release\vc_form_application.form1.resources
f:\workplace\d2ome_v2\gui_heavywater_09_21_2021\vc_form_application\x64\release\vc_form_application.form2.resources
f:\workplace\d2ome_v2\gui_heavywater_09_21_2021\vc_form_application\x64\release\vc_form_.ac869d33.tlog\cl.command.1.tlog
f:\workplace\d2ome_v2\gui_heavywater_09_21_2021\vc_form_application\x64\release\vc_form_.ac869d33.tlog\cl.read.1.tlog
f:\workplace\d2ome_v2\gui_heavywater_09_21_2021\vc_form_application\x64\release\vc_form_.ac869d33.tlog\cl.write.1.tlog
f:\workplace\d2ome_v2\gui_heavywater_09_21_2021\vc_form_application\x64\release\vc_form_.ac869d33.tlog\copylocal.read.1u.tlog
f:\workplace\d2ome_v2\gui_heavywater_09_21_2021\vc_form_application\x64\release\vc_form_.ac869d33.tlog\copylocal.write.1u.tlog
f:\workplace\d2ome_v2\gui_heavywater_09_21_2021\vc_form_application\x64\release\vc_form_.ac869d33.tlog\link.command.1.tlog
f:\workplace\d2ome_v2\gui_heavywater_09_21_2021\vc_form_application\x64\release\vc_form_.ac869d33.tlog\link.read.1.tlog
f:\workplace\d2ome_v2\gui_heavywater_09_21_2021\vc_form_application\x64\release\vc_form_.ac869d33.tlog\link.write.1.tlog
f:\workplace\d2ome_v2\gui_heavywater_09_21_2021\vc_form_application\x64\release\vc_form_.ac869d33.tlog\metagen.read.1.tlog
f:\workplace\d2ome_v2\gui_heavywater_09_21_2021\vc_form_application\x64\release\vc_form_.ac869d33.tlog\vc_form_application.write.1u.tlog
f:\workplace\d2ome_v2\gui_heavywater_09_21_2021\vc_form_application\x64\release\vc_form_.ac869d33.tlog\v2.exe.metagen
