D:\RESEARCHCODE\VC_FORM_APPLICATION\VC_FORM_APPLICATION\X64\RELEASE\.NETFRAMEWORK,VERSION=V4.0.ASSEMBLYATTRIBUTES.OBJ
D:\RESEARCHCODE\VC_FORM_APPLICATION\VC_FORM_APPLICATION\X64\RELEASE\ASSEMBLYINFO.OBJ
D:\ResearchCode\VC_Form_Application\VC_Form_Application\x64\Release\cl.command.1.tlog
D:\ResearchCode\VC_Form_Application\VC_Form_Application\x64\Release\CL.read.1.tlog
D:\ResearchCode\VC_Form_Application\VC_Form_Application\x64\Release\CL.write.1.tlog
D:\RESEARCHCODE\VC_FORM_APPLICATION\VC_FORM_APPLICATION\X64\RELEASE\FORM2.OBJ
D:\ResearchCode\VC_Form_Application\VC_Form_Application\x64\Release\link.command.1.tlog
D:\ResearchCode\VC_Form_Application\VC_Form_Application\x64\Release\link.read.1.tlog
D:\ResearchCode\VC_Form_Application\VC_Form_Application\x64\Release\link.write.1.tlog
D:\ResearchCode\VC_Form_Application\VC_Form_Application\x64\Release\mt.command.1.tlog
D:\ResearchCode\VC_Form_Application\VC_Form_Application\x64\Release\mt.read.1.tlog
D:\ResearchCode\VC_Form_Application\VC_Form_Application\x64\Release\mt.write.1.tlog
D:\RESEARCHCODE\VC_FORM_APPLICATION\VC_FORM_APPLICATION\X64\RELEASE\STDAFX.OBJ
D:\RESEARCHCODE\VC_FORM_APPLICATION\VC_FORM_APPLICATION\X64\RELEASE\VC_FORM_APPLICATION.EXE.INTERMEDIATE.MANIFEST
D:\ResearchCode\VC_Form_Application\VC_Form_Application\x64\Release\VC_Form_Application.Form1.resources
D:\ResearchCode\VC_Form_Application\VC_Form_Application\x64\Release\VC_Form_Application.Form2.resources
D:\RESEARCHCODE\VC_FORM_APPLICATION\VC_FORM_APPLICATION\X64\RELEASE\VC_FORM_APPLICATION.OBJ
D:\RESEARCHCODE\VC_FORM_APPLICATION\VC_FORM_APPLICATION\X64\RELEASE\VC_FORM_APPLICATION.PCH
D:\ResearchCode\VC_Form_Application\VC_Form_Application\x64\Release\VC_Form_Application.vcxproj.GenerateResource.Cache
D:\ResearchCode\VC_Form_Application\VC_Form_Application\x64\Release\VC_Form_Application.vcxprojResolveAssemblyReference.cache
D:\ResearchCode\VC_Form_Application\VC_Form_Application\x64\Release\VC_Form_Application.write.1.tlog
D:\RESEARCHCODE\VC_FORM_APPLICATION\VC_FORM_APPLICATION\X64\RELEASE\VC100.PDB
D:\RESEARCHCODE\VC_FORM_APPLICATION\X64\RELEASE\VC_FORM_APPLICATION.EXE
D:\RESEARCHCODE\VC_FORM_APPLICATION\X64\RELEASE\VC_FORM_APPLICATION.PDB
