D:\ResearchCode\VC_Form_Application\Debug\IsotopePeaks.dll
D:\ResearchCode\VC_Form_Application\Debug\ManagedZLib.dll
D:\ResearchCode\VC_Form_Application\Debug\mzIdentML.dll
D:\ResearchCode\VC_Form_Application\Debug\mzIdentML.pdb
D:\RESEARCHCODE\VC_FORM_APPLICATION\DEBUG\VC_FORM_APPLICATION.EXE
D:\RESEARCHCODE\VC_FORM_APPLICATION\DEBUG\VC_FORM_APPLICATION.PDB
D:\ResearchCode\VC_Form_Application\Debug\XmlMzML.dll
D:\RESEARCHCODE\VC_FORM_APPLICATION\VC_FORM_APPLICATION\DEBUG\.NETFRAMEWORK,VERSION=V4.0.ASSEMBLYATTRIBUTES.OBJ
D:\RESEARCHCODE\VC_FORM_APPLICATION\VC_FORM_APPLICATION\DEBUG\ASSEMBLYINFO.OBJ
D:\RESEARCHCODE\VC_FORM_APPLICATION\VC_FORM_APPLICATION\DEBUG\CALLER_MZIDENTML.OBJ
D:\ResearchCode\VC_Form_Application\VC_Form_Application\Debug\cl.command.1.tlog
D:\ResearchCode\VC_Form_Application\VC_Form_Application\Debug\CL.read.1.tlog
D:\ResearchCode\VC_Form_Application\VC_Form_Application\Debug\CL.write.1.tlog
D:\RESEARCHCODE\VC_FORM_APPLICATION\VC_FORM_APPLICATION\DEBUG\FORM2.OBJ
D:\ResearchCode\VC_Form_Application\VC_Form_Application\Debug\link.command.1.tlog
D:\ResearchCode\VC_Form_Application\VC_Form_Application\Debug\link.read.1.tlog
D:\ResearchCode\VC_Form_Application\VC_Form_Application\Debug\link.write.1.tlog
D:\ResearchCode\VC_Form_Application\VC_Form_Application\Debug\mt.command.1.tlog
D:\ResearchCode\VC_Form_Application\VC_Form_Application\Debug\mt.read.1.tlog
D:\ResearchCode\VC_Form_Application\VC_Form_Application\Debug\mt.write.1.tlog
D:\RESEARCHCODE\VC_FORM_APPLICATION\VC_FORM_APPLICATION\DEBUG\STDAFX.OBJ
D:\RESEARCHCODE\VC_FORM_APPLICATION\VC_FORM_APPLICATION\DEBUG\VC_FORM_APPLICATION.EXE.INTERMEDIATE.MANIFEST
D:\ResearchCode\VC_Form_Application\VC_Form_Application\Debug\VC_Form_Application.Form1.resources
D:\ResearchCode\VC_Form_Application\VC_Form_Application\Debug\VC_Form_Application.Form2.resources
D:\RESEARCHCODE\VC_FORM_APPLICATION\VC_FORM_APPLICATION\DEBUG\VC_FORM_APPLICATION.OBJ
D:\RESEARCHCODE\VC_FORM_APPLICATION\VC_FORM_APPLICATION\DEBUG\VC_FORM_APPLICATION.PCH
D:\ResearchCode\VC_Form_Application\VC_Form_Application\Debug\VC_Form_Application.vcxproj.GenerateResource.Cache
D:\ResearchCode\VC_Form_Application\VC_Form_Application\Debug\VC_Form_Application.vcxprojResolveAssemblyReference.cache
D:\ResearchCode\VC_Form_Application\VC_Form_Application\Debug\VC_Form_Application.write.1.tlog
D:\RESEARCHCODE\VC_FORM_APPLICATION\VC_FORM_APPLICATION\DEBUG\VC100.PDB
