D:\ResearchCode\VC_Form_Application\Release\IsotopePeaks.dll
D:\ResearchCode\VC_Form_Application\Release\ManagedZLib.dll
D:\ResearchCode\VC_Form_Application\Release\mzIdentML.dll
D:\RESEARCHCODE\VC_FORM_APPLICATION\RELEASE\VC_FORM_APPLICATION.EXE
D:\RESEARCHCODE\VC_FORM_APPLICATION\RELEASE\VC_FORM_APPLICATION.PDB
D:\ResearchCode\VC_Form_Application\Release\XmlMzML.dll
D:\RESEARCHCODE\VC_FORM_APPLICATION\VC_FORM_APPLICATION\RELEASE\.NETFRAMEWORK,VERSION=V4.0.ASSEMBLYATTRIBUTES.OBJ
D:\RESEARCHCODE\VC_FORM_APPLICATION\VC_FORM_APPLICATION\RELEASE\ASSEMBLYINFO.OBJ
D:\RESEARCHCODE\VC_FORM_APPLICATION\VC_FORM_APPLICATION\RELEASE\CALLER_MZIDENTML.OBJ
D:\ResearchCode\VC_Form_Application\VC_Form_Application\Release\cl.command.1.tlog
D:\ResearchCode\VC_Form_Application\VC_Form_Application\Release\CL.read.1.tlog
D:\ResearchCode\VC_Form_Application\VC_Form_Application\Release\CL.write.1.tlog
D:\RESEARCHCODE\VC_FORM_APPLICATION\VC_FORM_APPLICATION\RELEASE\FORM2.OBJ
D:\ResearchCode\VC_Form_Application\VC_Form_Application\Release\link.command.1.tlog
D:\ResearchCode\VC_Form_Application\VC_Form_Application\Release\link.read.1.tlog
D:\ResearchCode\VC_Form_Application\VC_Form_Application\Release\link.write.1.tlog
D:\ResearchCode\VC_Form_Application\VC_Form_Application\Release\mt.command.1.tlog
D:\ResearchCode\VC_Form_Application\VC_Form_Application\Release\mt.read.1.tlog
D:\ResearchCode\VC_Form_Application\VC_Form_Application\Release\mt.write.1.tlog
D:\RESEARCHCODE\VC_FORM_APPLICATION\VC_FORM_APPLICATION\RELEASE\STDAFX.OBJ
D:\RESEARCHCODE\VC_FORM_APPLICATION\VC_FORM_APPLICATION\RELEASE\VC_FORM_APPLICATION.EXE.INTERMEDIATE.MANIFEST
D:\ResearchCode\VC_Form_Application\VC_Form_Application\Release\VC_Form_Application.Form1.resources
D:\ResearchCode\VC_Form_Application\VC_Form_Application\Release\VC_Form_Application.Form2.resources
D:\RESEARCHCODE\VC_FORM_APPLICATION\VC_FORM_APPLICATION\RELEASE\VC_FORM_APPLICATION.OBJ
D:\RESEARCHCODE\VC_FORM_APPLICATION\VC_FORM_APPLICATION\RELEASE\VC_FORM_APPLICATION.PCH
D:\ResearchCode\VC_Form_Application\VC_Form_Application\Release\VC_Form_Application.vcxproj.GenerateResource.Cache
D:\ResearchCode\VC_Form_Application\VC_Form_Application\Release\VC_Form_Application.vcxprojResolveAssemblyReference.cache
D:\ResearchCode\VC_Form_Application\VC_Form_Application\Release\VC_Form_Application.write.1.tlog
D:\RESEARCHCODE\VC_FORM_APPLICATION\VC_FORM_APPLICATION\RELEASE\VC100.PDB
