  VC_Form_Application.cpp
d:\researchcode\vc_form_application\vc_form_application\Form1.h(84): warning C4244: 'return' : conversion from 'float' to 'int', possible loss of data
d:\researchcode\vc_form_application\vc_form_application\Form1.h(1083): warning C4129: '.' : unrecognized character escape sequence
d:\researchcode\vc_form_application\vc_form_application\Form1.h(1547): warning C4129: 'R' : unrecognized character escape sequence
d:\researchcode\vc_form_application\vc_form_application\Form1.h(1547): warning C4129: 'S' : unrecognized character escape sequence
d:\researchcode\vc_form_application\vc_form_application\Form1.h(4198): warning C4129: '.' : unrecognized character escape sequence
d:\researchcode\vc_form_application\vc_form_application\Form1.h(1256): warning C4244: '=' : conversion from 'wchar_t' to 'char', possible loss of data
d:\researchcode\vc_form_application\vc_form_application\Form1.h(1267): warning C4996: 'fopen': This function or variable may be unsafe. Consider using fopen_s instead. To disable deprecation, use _CRT_SECURE_NO_WARNINGS. See online help for details.
          C:\Program Files (x86)\Microsoft Visual Studio 10.0\VC\include\stdio.h(234) : see declaration of 'fopen'
d:\researchcode\vc_form_application\vc_form_application\Form1.h(1401): warning C4244: '=' : conversion from 'wchar_t' to 'char', possible loss of data
d:\researchcode\vc_form_application\vc_form_application\Form1.h(1531): warning C4244: '=' : conversion from 'wchar_t' to 'char', possible loss of data
d:\researchcode\vc_form_application\vc_form_application\Form1.h(1536): warning C4996: 'strcat': This function or variable may be unsafe. Consider using strcat_s instead. To disable deprecation, use _CRT_SECURE_NO_WARNINGS. See online help for details.
          C:\Program Files (x86)\Microsoft Visual Studio 10.0\VC\include\string.h(110) : see declaration of 'strcat'
d:\researchcode\vc_form_application\vc_form_application\Form1.h(1538): warning C4996: 'fopen': This function or variable may be unsafe. Consider using fopen_s instead. To disable deprecation, use _CRT_SECURE_NO_WARNINGS. See online help for details.
          C:\Program Files (x86)\Microsoft Visual Studio 10.0\VC\include\stdio.h(234) : see declaration of 'fopen'
d:\researchcode\vc_form_application\vc_form_application\Form1.h(1671): warning C4244: '=' : conversion from 'wchar_t' to 'char', possible loss of data
d:\researchcode\vc_form_application\vc_form_application\Form1.h(1676): warning C4996: 'fopen': This function or variable may be unsafe. Consider using fopen_s instead. To disable deprecation, use _CRT_SECURE_NO_WARNINGS. See online help for details.
          C:\Program Files (x86)\Microsoft Visual Studio 10.0\VC\include\stdio.h(234) : see declaration of 'fopen'
d:\researchcode\vc_form_application\vc_form_application\Form1.h(1709): warning C4244: '=' : conversion from 'wchar_t' to 'char', possible loss of data
d:\researchcode\vc_form_application\vc_form_application\Form1.h(1755): warning C4244: 'argument' : conversion from 'double' to 'float', possible loss of data
d:\researchcode\vc_form_application\vc_form_application\Form1.h(1758): warning C4244: 'argument' : conversion from 'double' to 'float', possible loss of data
d:\researchcode\vc_form_application\vc_form_application\Form1.h(1823): warning C4244: '=' : conversion from 'wchar_t' to 'char', possible loss of data
d:\researchcode\vc_form_application\vc_form_application\Form1.h(1828): warning C4996: 'fopen': This function or variable may be unsafe. Consider using fopen_s instead. To disable deprecation, use _CRT_SECURE_NO_WARNINGS. See online help for details.
          C:\Program Files (x86)\Microsoft Visual Studio 10.0\VC\include\stdio.h(234) : see declaration of 'fopen'
d:\researchcode\vc_form_application\vc_form_application\Form1.h(1851): warning C4996: 'sscanf': This function or variable may be unsafe. Consider using sscanf_s instead. To disable deprecation, use _CRT_SECURE_NO_WARNINGS. See online help for details.
          C:\Program Files (x86)\Microsoft Visual Studio 10.0\VC\include\stdio.h(325) : see declaration of 'sscanf'
d:\researchcode\vc_form_application\vc_form_application\Form1.h(2030): warning C4996: 'fopen': This function or variable may be unsafe. Consider using fopen_s instead. To disable deprecation, use _CRT_SECURE_NO_WARNINGS. See online help for details.
          C:\Program Files (x86)\Microsoft Visual Studio 10.0\VC\include\stdio.h(234) : see declaration of 'fopen'
d:\researchcode\vc_form_application\vc_form_application\Form1.h(2084): warning C4244: '=' : conversion from 'double' to 'float', possible loss of data
d:\researchcode\vc_form_application\vc_form_application\Form1.h(2014): warning C4101: 'l' : unreferenced local variable
d:\researchcode\vc_form_application\vc_form_application\Form1.h(2177): warning C4244: '=' : conversion from 'wchar_t' to 'char', possible loss of data
d:\researchcode\vc_form_application\vc_form_application\Form1.h(2277): warning C4996: 'fopen': This function or variable may be unsafe. Consider using fopen_s instead. To disable deprecation, use _CRT_SECURE_NO_WARNINGS. See online help for details.
          C:\Program Files (x86)\Microsoft Visual Studio 10.0\VC\include\stdio.h(234) : see declaration of 'fopen'
d:\researchcode\vc_form_application\vc_form_application\Form1.h(2158): warning C4101: 'dSpecMass' : unreferenced local variable
d:\researchcode\vc_form_application\vc_form_application\Form1.h(2582): warning C4244: '=' : conversion from 'wchar_t' to 'char', possible loss of data
d:\researchcode\vc_form_application\vc_form_application\Form1.h(2591): warning C4244: '=' : conversion from 'wchar_t' to 'char', possible loss of data
d:\researchcode\vc_form_application\vc_form_application\Form1.h(2596): warning C4244: '=' : conversion from 'wchar_t' to 'char', possible loss of data
d:\researchcode\vc_form_application\vc_form_application\Form1.h(2603): warning C4996: 'strcat': This function or variable may be unsafe. Consider using strcat_s instead. To disable deprecation, use _CRT_SECURE_NO_WARNINGS. See online help for details.
          C:\Program Files (x86)\Microsoft Visual Studio 10.0\VC\include\string.h(110) : see declaration of 'strcat'
d:\researchcode\vc_form_application\vc_form_application\Form1.h(2605): warning C4996: 'fopen': This function or variable may be unsafe. Consider using fopen_s instead. To disable deprecation, use _CRT_SECURE_NO_WARNINGS. See online help for details.
          C:\Program Files (x86)\Microsoft Visual Studio 10.0\VC\include\stdio.h(234) : see declaration of 'fopen'
d:\researchcode\vc_form_application\vc_form_application\Form1.h(3387): warning C4244: '=' : conversion from 'wchar_t' to 'char', possible loss of data
d:\researchcode\vc_form_application\vc_form_application\Form1.h(3392): warning C4244: '=' : conversion from 'wchar_t' to 'char', possible loss of data
d:\researchcode\vc_form_application\vc_form_application\Form1.h(3400): warning C4996: 'strcat': This function or variable may be unsafe. Consider using strcat_s instead. To disable deprecation, use _CRT_SECURE_NO_WARNINGS. See online help for details.
          C:\Program Files (x86)\Microsoft Visual Studio 10.0\VC\include\string.h(110) : see declaration of 'strcat'
d:\researchcode\vc_form_application\vc_form_application\Form1.h(3402): warning C4996: 'fopen': This function or variable may be unsafe. Consider using fopen_s instead. To disable deprecation, use _CRT_SECURE_NO_WARNINGS. See online help for details.
          C:\Program Files (x86)\Microsoft Visual Studio 10.0\VC\include\stdio.h(234) : see declaration of 'fopen'
d:\researchcode\vc_form_application\vc_form_application\Form1.h(3509): warning C4244: '=' : conversion from 'wchar_t' to 'char', possible loss of data
d:\researchcode\vc_form_application\vc_form_application\Form1.h(3705): warning C4244: '=' : conversion from 'wchar_t' to 'char', possible loss of data
d:\researchcode\vc_form_application\vc_form_application\Form1.h(3713): warning C4244: '=' : conversion from 'wchar_t' to 'char', possible loss of data
d:\researchcode\vc_form_application\vc_form_application\Form1.h(3718): warning C4244: '=' : conversion from 'wchar_t' to 'char', possible loss of data
d:\researchcode\vc_form_application\vc_form_application\Form1.h(3726): warning C4996: 'strcat': This function or variable may be unsafe. Consider using strcat_s instead. To disable deprecation, use _CRT_SECURE_NO_WARNINGS. See online help for details.
          C:\Program Files (x86)\Microsoft Visual Studio 10.0\VC\include\string.h(110) : see declaration of 'strcat'
d:\researchcode\vc_form_application\vc_form_application\Form1.h(3728): warning C4996: 'fopen': This function or variable may be unsafe. Consider using fopen_s instead. To disable deprecation, use _CRT_SECURE_NO_WARNINGS. See online help for details.
          C:\Program Files (x86)\Microsoft Visual Studio 10.0\VC\include\stdio.h(234) : see declaration of 'fopen'
d:\researchcode\vc_form_application\vc_form_application\Form1.h(3835): warning C4244: '=' : conversion from 'wchar_t' to 'char', possible loss of data
d:\researchcode\vc_form_application\vc_form_application\Form1.h(4091): warning C4244: 'argument' : conversion from 'double' to 'float', possible loss of data
d:\researchcode\vc_form_application\vc_form_application\Form1.h(4093): warning C4244: 'argument' : conversion from 'double' to 'float', possible loss of data
d:\researchcode\vc_form_application\vc_form_application\Form1.h(4119): warning C4244: '=' : conversion from 'wchar_t' to 'char', possible loss of data
d:\researchcode\vc_form_application\vc_form_application\Form1.h(4124): warning C4996: 'fopen': This function or variable may be unsafe. Consider using fopen_s instead. To disable deprecation, use _CRT_SECURE_NO_WARNINGS. See online help for details.
          C:\Program Files (x86)\Microsoft Visual Studio 10.0\VC\include\stdio.h(234) : see declaration of 'fopen'
d:\researchcode\vc_form_application\vc_form_application\Form1.h(4136): warning C4996: 'sscanf': This function or variable may be unsafe. Consider using sscanf_s instead. To disable deprecation, use _CRT_SECURE_NO_WARNINGS. See online help for details.
          C:\Program Files (x86)\Microsoft Visual Studio 10.0\VC\include\stdio.h(325) : see declaration of 'sscanf'
d:\researchcode\vc_form_application\vc_form_application\Form1.h(4209): warning C4244: '=' : conversion from 'wchar_t' to 'char', possible loss of data
d:\researchcode\vc_form_application\vc_form_application\Form1.h(4214): warning C4996: 'fopen': This function or variable may be unsafe. Consider using fopen_s instead. To disable deprecation, use _CRT_SECURE_NO_WARNINGS. See online help for details.
          C:\Program Files (x86)\Microsoft Visual Studio 10.0\VC\include\stdio.h(234) : see declaration of 'fopen'
d:\researchcode\vc_form_application\vc_form_application\Form1.h(4238): warning C4996: 'sscanf': This function or variable may be unsafe. Consider using sscanf_s instead. To disable deprecation, use _CRT_SECURE_NO_WARNINGS. See online help for details.
          C:\Program Files (x86)\Microsoft Visual Studio 10.0\VC\include\stdio.h(325) : see declaration of 'sscanf'
d:\researchcode\vc_form_application\vc_form_application\Form1.h(4408): warning C4996: 'fopen': This function or variable may be unsafe. Consider using fopen_s instead. To disable deprecation, use _CRT_SECURE_NO_WARNINGS. See online help for details.
          C:\Program Files (x86)\Microsoft Visual Studio 10.0\VC\include\stdio.h(234) : see declaration of 'fopen'
d:\researchcode\vc_form_application\vc_form_application\Form1.h(4444): warning C4996: 'strtok': This function or variable may be unsafe. Consider using strtok_s instead. To disable deprecation, use _CRT_SECURE_NO_WARNINGS. See online help for details.
          C:\Program Files (x86)\Microsoft Visual Studio 10.0\VC\include\string.h(197) : see declaration of 'strtok'
d:\researchcode\vc_form_application\vc_form_application\Form1.h(4446): warning C4996: 'strtok': This function or variable may be unsafe. Consider using strtok_s instead. To disable deprecation, use _CRT_SECURE_NO_WARNINGS. See online help for details.
          C:\Program Files (x86)\Microsoft Visual Studio 10.0\VC\include\string.h(197) : see declaration of 'strtok'
d:\researchcode\vc_form_application\vc_form_application\Form1.h(4448): warning C4996: 'strtok': This function or variable may be unsafe. Consider using strtok_s instead. To disable deprecation, use _CRT_SECURE_NO_WARNINGS. See online help for details.
          C:\Program Files (x86)\Microsoft Visual Studio 10.0\VC\include\string.h(197) : see declaration of 'strtok'
d:\researchcode\vc_form_application\vc_form_application\Form1.h(4477): warning C4996: 'sscanf': This function or variable may be unsafe. Consider using sscanf_s instead. To disable deprecation, use _CRT_SECURE_NO_WARNINGS. See online help for details.
          C:\Program Files (x86)\Microsoft Visual Studio 10.0\VC\include\stdio.h(325) : see declaration of 'sscanf'
d:\researchcode\vc_form_application\vc_form_application\Form1.h(4488): warning C4996: 'sscanf': This function or variable may be unsafe. Consider using sscanf_s instead. To disable deprecation, use _CRT_SECURE_NO_WARNINGS. See online help for details.
          C:\Program Files (x86)\Microsoft Visual Studio 10.0\VC\include\stdio.h(325) : see declaration of 'sscanf'
d:\researchcode\vc_form_application\vc_form_application\Form1.h(4499): warning C4996: 'sscanf': This function or variable may be unsafe. Consider using sscanf_s instead. To disable deprecation, use _CRT_SECURE_NO_WARNINGS. See online help for details.
          C:\Program Files (x86)\Microsoft Visual Studio 10.0\VC\include\stdio.h(325) : see declaration of 'sscanf'
d:\researchcode\vc_form_application\vc_form_application\Form1.h(4510): warning C4996: 'sscanf': This function or variable may be unsafe. Consider using sscanf_s instead. To disable deprecation, use _CRT_SECURE_NO_WARNINGS. See online help for details.
          C:\Program Files (x86)\Microsoft Visual Studio 10.0\VC\include\stdio.h(325) : see declaration of 'sscanf'
d:\researchcode\vc_form_application\vc_form_application\Form1.h(4521): warning C4996: 'sscanf': This function or variable may be unsafe. Consider using sscanf_s instead. To disable deprecation, use _CRT_SECURE_NO_WARNINGS. See online help for details.
          C:\Program Files (x86)\Microsoft Visual Studio 10.0\VC\include\stdio.h(325) : see declaration of 'sscanf'
d:\researchcode\vc_form_application\vc_form_application\Form1.h(4569): warning C4244: '=' : conversion from 'wchar_t' to 'char', possible loss of data
d:\researchcode\vc_form_application\vc_form_application\Form1.h(4579): warning C4244: '=' : conversion from 'wchar_t' to 'char', possible loss of data
d:\researchcode\vc_form_application\vc_form_application\Form1.h(4584): warning C4244: '=' : conversion from 'wchar_t' to 'char', possible loss of data
d:\researchcode\vc_form_application\vc_form_application\Form1.h(4592): warning C4996: 'strcat': This function or variable may be unsafe. Consider using strcat_s instead. To disable deprecation, use _CRT_SECURE_NO_WARNINGS. See online help for details.
          C:\Program Files (x86)\Microsoft Visual Studio 10.0\VC\include\string.h(110) : see declaration of 'strcat'
d:\researchcode\vc_form_application\vc_form_application\Form1.h(4594): warning C4996: 'fopen': This function or variable may be unsafe. Consider using fopen_s instead. To disable deprecation, use _CRT_SECURE_NO_WARNINGS. See online help for details.
          C:\Program Files (x86)\Microsoft Visual Studio 10.0\VC\include\stdio.h(234) : see declaration of 'fopen'
d:\researchcode\vc_form_application\vc_form_application\Form1.h(4699): warning C4244: '=' : conversion from 'wchar_t' to 'char', possible loss of data
  VC_Form_Application.vcxproj -> D:\ResearchCode\VC_Form_Application\x64\Debug\VC_Form_Application.exe
