f:\workplace\d2ome_v2\gui_heavywater_09_21_2021\vc_form_application\x64\debug\vc_form_application.pch
f:\workplace\d2ome_v2\gui_heavywater_09_21_2021\vc_form_application\x64\debug\vc143.pdb
f:\workplace\d2ome_v2\gui_heavywater_09_21_2021\vc_form_application\x64\debug\stdafx.obj
f:\workplace\d2ome_v2\gui_heavywater_09_21_2021\vc_form_application\x64\debug\vc_form_application.obj
f:\workplace\d2ome_v2\gui_heavywater_09_21_2021\vc_form_application\x64\debug\form2.obj
f:\workplace\d2ome_v2\gui_heavywater_09_21_2021\vc_form_application\x64\debug\assemblyinfo.obj
f:\workplace\d2ome_v2\gui_heavywater_09_21_2021\vc_form_application\x64\debug\.netframework,version=v4.7.2.assemblyattributes.obj
f:\workplace\d2ome_v2\v2\x64\debug\v2.exe
f:\workplace\d2ome_v2\v2\x64\debug\v2.pdb
f:\workplace\d2ome_v2\v2\x64\debug\v2.exe.config
f:\workplace\d2ome_v2\gui_heavywater_09_21_2021\vc_form_application\x64\debug\vc_form_.ac869d33.tlog\metagen.write.1.tlog
f:\workplace\d2ome_v2\gui_heavywater_09_21_2021\vc_form_application\x64\debug\vc_form_application.form1.resources
f:\workplace\d2ome_v2\gui_heavywater_09_21_2021\vc_form_application\x64\debug\vc_form_application.form2.resources
f:\workplace\d2ome_v2\gui_heavywater_09_21_2021\vc_form_application\x64\debug\vc_form_application.vcxproj.assemblyreference.cache
f:\workplace\d2ome_v2\gui_heavywater_09_21_2021\vc_form_application\x64\debug\vc_form_application.vcxproj.generateresource.cache
f:\workplace\d2ome_v2\gui_heavywater_09_21_2021\vc_form_application\x64\debug\vc_form_application.vcxproj.suggestedbindingredirects.cache
f:\workplace\d2ome_v2\v2\x64\debug\vc_form_application.pdb
f:\workplace\d2ome_v2\gui_heavywater_09_21_2021\vc_form_application\x64\debug\vc_form_.ac869d33.tlog\cl.command.1.tlog
f:\workplace\d2ome_v2\gui_heavywater_09_21_2021\vc_form_application\x64\debug\vc_form_.ac869d33.tlog\cl.read.1.tlog
f:\workplace\d2ome_v2\gui_heavywater_09_21_2021\vc_form_application\x64\debug\vc_form_.ac869d33.tlog\cl.write.1.tlog
f:\workplace\d2ome_v2\gui_heavywater_09_21_2021\vc_form_application\x64\debug\vc_form_.ac869d33.tlog\copylocal.read.1u.tlog
f:\workplace\d2ome_v2\gui_heavywater_09_21_2021\vc_form_application\x64\debug\vc_form_.ac869d33.tlog\copylocal.write.1u.tlog
f:\workplace\d2ome_v2\gui_heavywater_09_21_2021\vc_form_application\x64\debug\vc_form_.ac869d33.tlog\link.command.1.tlog
f:\workplace\d2ome_v2\gui_heavywater_09_21_2021\vc_form_application\x64\debug\vc_form_.ac869d33.tlog\link.read.1.tlog
f:\workplace\d2ome_v2\gui_heavywater_09_21_2021\vc_form_application\x64\debug\vc_form_.ac869d33.tlog\link.read.2.tlog
f:\workplace\d2ome_v2\gui_heavywater_09_21_2021\vc_form_application\x64\debug\vc_form_.ac869d33.tlog\link.write.1.tlog
f:\workplace\d2ome_v2\gui_heavywater_09_21_2021\vc_form_application\x64\debug\vc_form_.ac869d33.tlog\metagen.read.1.tlog
f:\workplace\d2ome_v2\gui_heavywater_09_21_2021\vc_form_application\x64\debug\vc_form_.ac869d33.tlog\vc_form_application.write.1u.tlog
f:\workplace\d2ome_v2\gui_heavywater_09_21_2021\vc_form_application\x64\debug\vc_form_.ac869d33.tlog\v2.exe.metagen
